0 info it worked if it ends with ok
1 verbose cli [ '/usr/bin/node', '/usr/bin/npm', 'run', 'publish-gh-pages' ]
2 info using npm@3.5.2
3 info using node@v8.10.0
4 verbose run-script [ 'prepublish-gh-pages',
4 verbose run-script   'publish-gh-pages',
4 verbose run-script   'postpublish-gh-pages' ]
5 info lifecycle @~prepublish-gh-pages: @
6 silly lifecycle @~prepublish-gh-pages: no script for prepublish-gh-pages, continuing
7 info lifecycle @~publish-gh-pages: @
8 verbose lifecycle @~publish-gh-pages: unsafe-perm in lifecycle true
9 verbose lifecycle @~publish-gh-pages: PATH: /usr/share/npm/bin/node-gyp-bin:/mnt/c/Users/dmwch/OneDrive/Desktop/notegone/truegoodness/website/node_modules/.bin:/usr/local/sbin:/usr/local/bin:/usr/sbin:/usr/bin:/sbin:/bin:/usr/games:/usr/local/games:/mnt/c/Program Files (x86)/Intel/Intel(R) Management Engine Components/iCLS/:/mnt/c/Program Files/Intel/Intel(R) Management Engine Components/iCLS/:/mnt/c/Program Files (x86)/Common Files/Oracle/Java/javapath:/mnt/c/ProgramData/Oracle/Java/javapath:/mnt/c/Python37/:/mnt/c/Python37/Scripts:/mnt/c/WINDOWS/system32:/mnt/c/WINDOWS:/mnt/c/WINDOWS/System32/Wbem:/mnt/c/WINDOWS/System32/WindowsPowerShell/v1.0/:/mnt/c/Program Files (x86)/PuTTY/:/mnt/c/Program Files/Git/cmd:/mnt/c/Program Files (x86)/GnuWin32/bin:/mnt/c/Program Files/nodejs/:/mnt/c/WINDOWS/System32/OpenSSH/:/mnt/c/Android:/mnt/c/Windows/System32:/mnt/c/Program Files/PostgreSQL/11/bin:/mnt/c/Program Files/Intel/WiFi/bin/:/mnt/c/Program Files/Common Files/Intel/WirelessCommon/:/mnt/c/Program Files (x86)/Intel/Intel(R) Management Engine Components/DAL:/mnt/c/Program Files/Intel/Intel(R) Management Engine Components/DAL:/mnt/c/Program Files (x86)/Intel/Intel(R) Management Engine Components/IPT:/mnt/c/Program Files/Intel/Intel(R) Management Engine Components/IPT:/mnt/c/Users/dmwch/AppData/Local/Microsoft/WindowsApps:/mnt/c/Users/dmwch/AppData/Roaming/npm:/mnt/c/Program Files/heroku/bin:/snap/bin
10 verbose lifecycle @~publish-gh-pages: CWD: /mnt/c/Users/dmwch/OneDrive/Desktop/notegone/truegoodness/website
11 silly lifecycle @~publish-gh-pages: Args: [ '-c', 'docusaurus-publish' ]
12 info lifecycle @~publish-gh-pages: Failed to exec publish-gh-pages script
13 verbose stack Error: @ publish-gh-pages: `docusaurus-publish`
13 verbose stack spawn ENOENT
13 verbose stack     at ChildProcess.<anonymous> (/usr/share/npm/lib/utils/spawn.js:17:16)
13 verbose stack     at emitTwo (events.js:126:13)
13 verbose stack     at ChildProcess.emit (events.js:214:7)
13 verbose stack     at maybeClose (internal/child_process.js:925:16)
13 verbose stack     at Process.ChildProcess._handle.onexit (internal/child_process.js:209:5)
14 verbose pkgid @
15 verbose cwd /mnt/c/Users/dmwch/OneDrive/Desktop/notegone/truegoodness/website
16 error Linux 4.4.0-18362-Microsoft
17 error argv "/usr/bin/node" "/usr/bin/npm" "run" "publish-gh-pages"
18 error node v8.10.0
19 error npm  v3.5.2
20 error file sh
21 error code ELIFECYCLE
22 error errno ENOENT
23 error syscall spawn
24 error @ publish-gh-pages: `docusaurus-publish`
24 error spawn ENOENT
25 error Failed at the @ publish-gh-pages script 'docusaurus-publish'.
25 error Make sure you have the latest version of node.js and npm installed.
25 error If you do, this is most likely a problem with the  package,
25 error not with npm itself.
25 error Tell the author that this fails on your system:
25 error     docusaurus-publish
25 error You can get information on how to open an issue for this project with:
25 error     npm bugs
25 error Or if that isn't available, you can get their info via:
25 error     npm owner ls
25 error There is likely additional logging output above.
26 verbose exit [ 1, true ]
